<?xml version="1.0" encoding="utf-8"?><testsuites name="pytest tests"><testsuite name="pytest" errors="0" failures="0" skipped="0" tests="45" time="15.416" timestamp="2026-07-15T20:43:36.120457+00:00" hostname="agent-env-53d40adc-a903-4e04-8807-a8bb3cd5d14b"><testcase classname="tests.backend_test.TestCatalog" name="test_list_products" time="0.728" /><testcase classname="tests.backend_test.TestCatalog" name="test_create_and_get_product" time="0.176" /><testcase classname="tests.backend_test.TestAuth" name="test_login_admin" time="0.732" /><testcase classname="tests.backend_test.TestAuth" name="test_me_admin" time="0.049" /><testcase classname="tests.backend_test.TestAuth" name="test_login_invalid" time="0.368" /><testcase classname="tests.backend_test.TestCatalog" name="test_duplicate_sku_rejected" time="0.575" /><testcase classname="tests.backend_test.TestAuth" name="test_login_dealer" time="0.328" /><testcase classname="tests.backend_test.TestCatalog" name="test_list_inventory" time="0.058" /><testcase classname="tests.backend_test.TestCatalog" name="test_inventory_warehouse_filter" time="0.343" /><testcase classname="tests.backend_test.TestAuth" name="test_login_mnp" time="0.337" /><testcase classname="tests.backend_test.TestCatalog" name="test_warehouses_list" time="0.293" /><testcase classname="tests.backend_test.TestAuth" name="test_login_supplier" time="0.354" /><testcase classname="tests.backend_test.TestRBAC" name="test_dealer_cannot_get_audit" time="0.046" /><testcase classname="tests.backend_test.TestRBAC" name="test_dealer_cannot_create_product" time="0.049" /><testcase classname="tests.backend_test.TestRBAC" name="test_dealer_cannot_create_dealer" time="0.229" /><testcase classname="tests.backend_test.TestRBAC" name="test_supplier_cannot_get_products_writes" time="0.057" /><testcase classname="tests.backend_test.TestOrders" name="test_dealer_place_order" time="1.366" /><testcase classname="tests.backend_test.TestRBAC" name="test_unauthenticated_denied" time="0.128" /><testcase classname="tests.backend_test.TestTally" name="test_status" time="0.056" /><testcase classname="tests.backend_test.TestTally" name="test_sync" time="0.061" /><testcase classname="tests.backend_test.TestTally" name="test_logs" time="0.055" /><testcase classname="tests.backend_test.TestTally" name="test_dealer_cannot_sync" time="0.047" /><testcase classname="tests.backend_test.TestAnalytics" name="test_overview_admin" time="0.062" /><testcase classname="tests.backend_test.TestAnalytics" name="test_overview_dealer_scoped" time="0.063" /><testcase classname="tests.backend_test.TestAnalytics" name="test_mnp_dealer_analytics" time="0.051" /><testcase classname="tests.backend_test.TestPartners" name="test_list_dealers" time="0.051" /><testcase classname="tests.backend_test.TestPartners" name="test_list_suppliers" time="0.131" /><testcase classname="tests.backend_test.TestPartners" name="test_list_mnp" time="0.053" /><testcase classname="tests.backend_test.TestProcurement" name="test_recommendations" time="0.061" /><testcase classname="tests.backend_test.TestProcurement" name="test_list_pos" time="0.055" /><testcase classname="tests.backend_test.TestProcurement" name="test_create_po_and_status" time="0.299" /><testcase classname="tests.backend_test.TestOrders" name="test_admin_list_orders" time="0.065" /><testcase classname="tests.backend_test.TestOrders" name="test_admin_status_transitions" time="2.793" /><testcase classname="tests.backend_test.TestAI" name="test_ai_history" time="0.059" /><testcase classname="tests.backend_test.TestAI" name="test_ai_insight_sales_summary" time="11.073" /><testcase classname="tests.backend_test.TestOrders" name="test_dealer_cannot_change_status" time="0.320" /><testcase classname="tests.backend_test.TestOrders" name="test_invoices" time="0.056" /><testcase classname="tests.backend_test.TestSettings" name="test_get_settings" time="0.054" /><testcase classname="tests.backend_test.TestSettings" name="test_update_settings" time="0.132" /><testcase classname="tests.backend_test" name="test_health" time="0.140" /><testcase classname="tests.backend_test.TestAudit" name="test_admin_audit" time="0.070" /><testcase classname="tests.backend_test.TestLogout" name="test_logout" time="0.374" /><testcase classname="tests.backend_test.TestAI" name="test_dealer_cannot_ai" time="0.052" /><testcase classname="tests.backend_test.TestNotifications" name="test_list" time="0.051" /><testcase classname="tests.backend_test.TestNotifications" name="test_mark_all_read" time="0.057" /></testsuite></testsuites>