<?xml version="1.0" encoding="utf-8"?><testsuites name="pytest tests"><testsuite name="pytest" errors="0" failures="0" skipped="0" tests="71" time="20.713" timestamp="2026-07-15T21:24:39.659617+00:00" hostname="agent-env-53d40adc-a903-4e04-8807-a8bb3cd5d14b"><testcase classname="tests.backend_test" name="test_health" time="0.140" /><testcase classname="tests.backend_test.TestAuth" name="test_login_admin" time="0.328" /><testcase classname="tests.backend_test.TestAuth" name="test_me_admin" time="0.053" /><testcase classname="tests.backend_test.TestAuth" name="test_login_invalid" time="1.706" /><testcase classname="tests.backend_test.TestAuth" name="test_login_dealer" time="0.320" /><testcase classname="tests.backend_test.TestAuth" name="test_login_mnp" time="0.426" /><testcase classname="tests.backend_test.TestAuth" name="test_login_supplier" time="0.319" /><testcase classname="tests.backend_test.TestRBAC" name="test_dealer_cannot_get_audit" time="0.047" /><testcase classname="tests.backend_test.TestRBAC" name="test_dealer_cannot_create_product" time="0.047" /><testcase classname="tests.backend_test.TestRBAC" name="test_dealer_cannot_create_dealer" time="0.053" /><testcase classname="tests.backend_test.TestRBAC" name="test_supplier_cannot_get_products_writes" time="0.050" /><testcase classname="tests.backend_test.TestRBAC" name="test_unauthenticated_denied" time="0.107" /><testcase classname="tests.backend_test.TestAnalytics" name="test_overview_admin" time="0.061" /><testcase classname="tests.backend_test.TestAnalytics" name="test_overview_dealer_scoped" time="0.060" /><testcase classname="tests.backend_test.TestAnalytics" name="test_mnp_dealer_analytics" time="0.059" /><testcase classname="tests.backend_test.TestAnalytics" name="test_state_drilldown_admin" time="0.052" /><testcase classname="tests.backend_test.TestAnalytics" name="test_state_drilldown_dealer_forbidden" time="0.055" /><testcase classname="tests.backend_test.TestCatalog" name="test_list_products" time="0.055" /><testcase classname="tests.backend_test.TestCatalog" name="test_create_and_get_product" time="0.145" /><testcase classname="tests.backend_test.TestCatalog" name="test_duplicate_sku_rejected" time="0.151" /><testcase classname="tests.backend_test.TestCatalog" name="test_list_inventory" time="0.049" /><testcase classname="tests.backend_test.TestCatalog" name="test_inventory_warehouse_filter" time="0.101" /><testcase classname="tests.backend_test.TestCatalog" name="test_warehouses_list" time="0.050" /><testcase classname="tests.backend_test.TestPartners" name="test_list_dealers" time="0.050" /><testcase classname="tests.backend_test.TestPartners" name="test_list_suppliers" time="0.047" /><testcase classname="tests.backend_test.TestPartners" name="test_list_mnp" time="0.047" /><testcase classname="tests.backend_test.TestOrders" name="test_dealer_place_order" time="0.151" /><testcase classname="tests.backend_test.TestOrders" name="test_admin_list_orders" time="0.055" /><testcase classname="tests.backend_test.TestOrders" name="test_admin_status_transitions" time="0.205" /><testcase classname="tests.backend_test.TestOrders" name="test_dealer_cannot_change_status" time="0.100" /><testcase classname="tests.backend_test.TestOrders" name="test_invoices" time="0.102" /><testcase classname="tests.backend_test.TestProcurement" name="test_recommendations" time="0.054" /><testcase classname="tests.backend_test.TestProcurement" name="test_list_pos" time="0.048" /><testcase classname="tests.backend_test.TestProcurement" name="test_create_po_and_status" time="0.256" /><testcase classname="tests.backend_test.TestTally" name="test_status" time="0.055" /><testcase classname="tests.backend_test.TestTally" name="test_sync" time="0.080" /><testcase classname="tests.backend_test.TestTally" name="test_logs" time="0.052" /><testcase classname="tests.backend_test.TestTally" name="test_dealer_cannot_sync" time="0.055" /><testcase classname="tests.backend_test.TestTally" name="test_real_tally_sync_fails_gracefully" time="0.172" /><testcase classname="tests.backend_test.TestTally" name="test_tally_test_connection" time="0.165" /><testcase classname="tests.backend_test.TestTally" name="test_dealer_cannot_test_connection" time="0.047" /><testcase classname="tests.backend_test.TestAI" name="test_ai_history" time="0.053" /><testcase classname="tests.backend_test.TestAI" name="test_ai_insight_sales_summary" time="8.322" /><testcase classname="tests.backend_test.TestAI" name="test_dealer_cannot_ai" time="0.052" /><testcase classname="tests.backend_test.TestNotifications" name="test_list" time="0.059" /><testcase classname="tests.backend_test.TestNotifications" name="test_mark_all_read" time="0.052" /><testcase classname="tests.backend_test.TestAudit" name="test_admin_audit" time="0.047" /><testcase classname="tests.backend_test.TestSettings" name="test_get_settings" time="0.048" /><testcase classname="tests.backend_test.TestSettings" name="test_update_settings" time="0.096" /><testcase classname="tests.backend_test.TestTallyWebhook" name="test_webhook_config_admin" time="0.051" /><testcase classname="tests.backend_test.TestTallyWebhook" name="test_webhook_config_forbidden_for_others" time="0.147" /><testcase classname="tests.backend_test.TestTallyWebhook" name="test_webhook_post_no_token" time="0.134" /><testcase classname="tests.backend_test.TestTallyWebhook" name="test_webhook_post_wrong_token" time="0.101" /><testcase classname="tests.backend_test.TestTallyWebhook" name="test_webhook_post_xml_success" time="0.210" /><testcase classname="tests.backend_test.TestTallyWebhook" name="test_webhook_post_json_success" time="0.160" /><testcase classname="tests.backend_test.TestTallyWebhook" name="test_webhook_idempotency" time="0.321" /><testcase classname="tests.backend_test.TestTallyWebhook" name="test_webhook_malformed_xml" time="0.151" /><testcase classname="tests.backend_test.TestTallyWebhook" name="test_webhook_empty_body" time="0.168" /><testcase classname="tests.backend_test.TestTallyWebhook" name="test_webhook_events_rbac" time="0.198" /><testcase classname="tests.backend_test.TestTallyWebhook" name="test_webhook_success_writes_sync_log" time="0.262" /><testcase classname="tests.backend_test.TestTallyWebhook" name="test_webhook_creates_admin_notification" time="0.253" /><testcase classname="tests.backend_test.TestTallyWebhook" name="test_webhook_rotate_invalidates_old" time="0.503" /><testcase classname="tests.backend_test.TestVoucherAutoLink" name="test_non_sales_voucher_skipped" time="0.284" /><testcase classname="tests.backend_test.TestVoucherAutoLink" name="test_no_party_voucher" time="0.159" /><testcase classname="tests.backend_test.TestVoucherAutoLink" name="test_unknown_party_unmatched" time="0.155" /><testcase classname="tests.backend_test.TestVoucherAutoLink" name="test_ambiguous_multiple_candidates" time="0.163" /><testcase classname="tests.backend_test.TestVoucherAutoLink" name="test_auto_link_single_match" time="0.662" /><testcase classname="tests.backend_test.TestVoucherAutoLink" name="test_candidates_endpoint_rbac" time="0.269" /><testcase classname="tests.backend_test.TestVoucherAutoLink" name="test_manual_link_and_unlink" time="0.825" /><testcase classname="tests.backend_test.TestVoucherAutoLink" name="test_fuzzy_party_matcher" time="0.121" /><testcase classname="tests.backend_test.TestLogout" name="test_logout" time="0.423" /></testsuite></testsuites>